<?xml version="1.0" encoding="UTF-8"?>
<!-- Generated by org.testng.reporters.JUnitReportReporter -->
<testsuite hostname="INBOOK_Y1_PLUS" failures="0" tests="6" name="mytestng.datadriver" time="10.198" errors="0" timestamp="2024-01-05T15:15:41 IST" skipped="0">
  <testcase classname="mytestng.datadriver" name="details" time="1.976"/>
  <testcase classname="mytestng.datadriver" name="details" time="2.151"/>
  <testcase classname="mytestng.datadriver" name="details" time="1.442"/>
  <testcase classname="mytestng.datadriver" name="details" time="1.443"/>
  <testcase classname="mytestng.datadriver" name="details" time="1.601"/>
  <testcase classname="mytestng.datadriver" name="details" time="1.585"/>
</testsuite> <!-- mytestng.datadriver -->
